<?xml version="1.0" encoding="UTF-8"?>
<testsuite xmlns:xsi="http://www.w3.org/2001/XMLSchema-instance" xsi:noNamespaceSchemaLocation="https://maven.apache.org/surefire/maven-surefire-plugin/xsd/surefire-test-report.xsd" name="com.pbo.AirportTest" time="0.12" tests="4" errors="0" skipped="0" failures="0">
  <properties>
[...]
</properties>
  <testcase name="testEconomyFlightRegularPassenger" classname="com.pbo.AirportTest$EconomyFlightTest" time="0.066"/>
  <testcase name="testEconomyFlightVipPassenger" classname="com.pbo.AirportTest$EconomyFlightTest" time="0.004"/>
  <testcase name="testBusinessFlightVipPassenger" classname="com.pbo.AirportTest$BusinessFlightTest" time="0.004"/>
  <testcase name="testBusinessFlightRegularPassenger" classname="com.pbo.AirportTest$BusinessFlightTest" time="0.003"/>
</testsuite>